<?xml version="1.0" encoding="UTF-8"?>
<!-- Generated by org.testng.reporters.JUnitXMLReporter -->
<testsuite ignored="0" hostname="LAPTOP-UD4LBO6R" failures="1" tests="1" name="Test" time="1.714" errors="0" timestamp="2020-05-20T18:49:52 PDT">
  <testcase classname="RESTAPI.SumValidation" name="sumOfCourses" time="1.667">
    <failure type="java.lang.AssertionError" message="expected [910] but found [1801]">
      <![CDATA[java.lang.AssertionError: expected [910] but found [1801]
at RESTAPI.SumValidation.sumOfCourses(SumValidation.java:32)
at java.base/java.util.ArrayList.forEach(ArrayList.java:1540)
... Removed 32 stack frames]]>
    </failure>
  </testcase> <!-- sumOfCourses -->
</testsuite> <!-- Test -->
